\BOOKMARK [1][-]{section.1}{Theorie}{}% 1
\BOOKMARK [2][-]{subsection.1.1}{Elektrolyt}{section.1}% 2
\BOOKMARK [2][-]{subsection.1.2}{Leitf\344higkeit}{section.1}% 3
\BOOKMARK [2][-]{subsection.1.3}{Kohlrausches Quadratwurzelgesetz, Grenzleitf\344higkeit}{section.1}% 4
\BOOKMARK [2][-]{subsection.1.4}{Unvollst\344ndige Dissoziation, Ostwaldsches Verd\374nnungsgesetzt}{section.1}% 5
\BOOKMARK [1][-]{section.2}{Durchf\374hrung}{}% 6
\BOOKMARK [1][-]{section.3}{Versuchsaufbau}{}% 7
\BOOKMARK [1][-]{section.4}{Versuchdurchf\374hrung}{}% 8
\BOOKMARK [1][-]{section.5}{Auswertung}{}% 9
\BOOKMARK [2][-]{subsection.5.1}{Bestimmung von 0 und KS f\374r Essigs\344ure}{section.5}% 10
\BOOKMARK [2][-]{subsection.5.2}{Bestimmung von 0 f\374r Kaliumchlorid}{section.5}% 11
\BOOKMARK [1][-]{section.6}{Fehlerrechnung}{}% 12
\BOOKMARK [2][-]{subsection.6.1}{absolute Fehler}{section.6}% 13
\BOOKMARK [2][-]{subsection.6.2}{Fehlerrechnung}{section.6}% 14
\BOOKMARK [2][-]{subsection.6.3}{Fehlerfortpflanzung f\374r }{section.6}% 15
\BOOKMARK [2][-]{subsection.6.4}{Fehler f\374r 0 und KS aus der Auftragung}{section.6}% 16
\BOOKMARK [2][-]{subsection.6.5}{Diskussion systematischer Fehler}{section.6}% 17
\BOOKMARK [1][-]{section.7}{Vergleich mit Literaturwerten}{}% 18
\BOOKMARK [2][-]{subsection.7.1}{Diskussion}{section.7}% 19
\BOOKMARK [1][-]{section.8}{Literaturverzeichnis}{}% 20
